<?xml version="1.0" encoding="UTF-8"?>
<testng-results ignored="3" total="5" passed="1" failed="1" skipped="0">
  <reporter-output>
  </reporter-output>
  <suite started-at="2022-07-07T21:59:31 CEST" name="All Test Suite" finished-at="2022-07-07T21:59:51 CEST" duration-ms="19914">
    <groups>
    </groups>
    <test started-at="2022-07-07T21:59:31 CEST" name="D:/Users/way/IdeaProjects/Selenium_TestNG" finished-at="2022-07-07T21:59:51 CEST" duration-ms="19914">
      <class name="Suite1.MyTests">
        <test-method is-config="true" signature="SetUp()[pri:0, instance:Suite1.MyTests@223aa2f7]" started-at="2022-07-07T21:59:31 CEST" name="SetUp" finished-at="2022-07-07T21:59:34 CEST" duration-ms="3014" status="PASS">
          <reporter-output>
          </reporter-output>
        </test-method> <!-- SetUp -->
        <test-method signature="Login(java.lang.String,java.lang.String)[pri:0, instance:Suite1.MyTests@223aa2f7]" started-at="2022-07-07T21:59:34 CEST" name="Login" data-provider="UsersData" finished-at="2022-07-07T21:59:41 CEST" duration-ms="7127" status="PASS">
          <params>
            <param index="0">
              <value>
                <![CDATA[WAY@acial.fr]]>
              </value>
            </param>
            <param index="1">
              <value>
                <![CDATA[Wade11223344]]>
              </value>
            </param>
          </params>
          <reporter-output>
          </reporter-output>
        </test-method> <!-- Login -->
        <test-method is-config="true" signature="After()[pri:0, instance:Suite1.MyTests@223aa2f7]" started-at="2022-07-07T21:59:41 CEST" name="After" finished-at="2022-07-07T21:59:42 CEST" duration-ms="641" status="PASS">
          <reporter-output>
          </reporter-output>
        </test-method> <!-- After -->
        <test-method is-config="true" signature="SetUp()[pri:0, instance:Suite1.MyTests@223aa2f7]" started-at="2022-07-07T21:59:42 CEST" name="SetUp" finished-at="2022-07-07T21:59:43 CEST" duration-ms="1704" status="PASS">
          <reporter-output>
          </reporter-output>
        </test-method> <!-- SetUp -->
        <test-method signature="Login(java.lang.String,java.lang.String)[pri:0, instance:Suite1.MyTests@223aa2f7]" started-at="2022-07-07T21:59:43 CEST" name="Login" data-provider="UsersData" finished-at="2022-07-07T21:59:50 CEST" duration-ms="6780" status="FAIL">
          <params>
            <param index="0">
              <value>
                <![CDATA[sami@gmail.com]]>
              </value>
            </param>
            <param index="1">
              <value>
                <![CDATA[Sqqq3322]]>
              </value>
            </param>
          </params>
          <exception class="java.lang.AssertionError">
            <message>
              <![CDATA[expected [sami@gmail.com] but found [Register]]]>
            </message>
            <full-stacktrace>
              <![CDATA[java.lang.AssertionError: expected [sami@gmail.com] but found [Register]
at org.testng.Assert.fail(Assert.java:99)
at org.testng.Assert.failNotEquals(Assert.java:1037)
at org.testng.Assert.assertEqualsImpl(Assert.java:140)
at org.testng.Assert.assertEquals(Assert.java:122)
at org.testng.Assert.assertEquals(Assert.java:629)
at org.testng.Assert.assertEquals(Assert.java:639)
at Suite1.MyTests.Login(MyTests.java:96)
at java.base/jdk.internal.reflect.NativeMethodAccessorImpl.invoke0(Native Method)
at java.base/jdk.internal.reflect.NativeMethodAccessorImpl.invoke(NativeMethodAccessorImpl.java:62)
at java.base/jdk.internal.reflect.DelegatingMethodAccessorImpl.invoke(DelegatingMethodAccessorImpl.java:43)
at java.base/java.lang.reflect.Method.invoke(Method.java:566)
at org.testng.internal.MethodInvocationHelper.invokeMethod(MethodInvocationHelper.java:133)
at org.testng.internal.TestInvoker.invokeMethod(TestInvoker.java:598)
at org.testng.internal.TestInvoker.invokeTestMethod(TestInvoker.java:173)
at org.testng.internal.MethodRunner.runInSequence(MethodRunner.java:46)
at org.testng.internal.TestInvoker$MethodInvocationAgent.invoke(TestInvoker.java:824)
at org.testng.internal.TestInvoker.invokeTestMethods(TestInvoker.java:146)
at org.testng.internal.TestMethodWorker.invokeTestMethods(TestMethodWorker.java:146)
at org.testng.internal.TestMethodWorker.run(TestMethodWorker.java:128)
at java.base/java.util.ArrayList.forEach(ArrayList.java:1541)
at org.testng.TestRunner.privateRun(TestRunner.java:794)
at org.testng.TestRunner.run(TestRunner.java:596)
at org.testng.SuiteRunner.runTest(SuiteRunner.java:377)
at org.testng.SuiteRunner.runSequentially(SuiteRunner.java:371)
at org.testng.SuiteRunner.privateRun(SuiteRunner.java:332)
at org.testng.SuiteRunner.run(SuiteRunner.java:276)
at org.testng.SuiteRunnerWorker.runSuite(SuiteRunnerWorker.java:53)
at org.testng.SuiteRunnerWorker.run(SuiteRunnerWorker.java:96)
at org.testng.TestNG.runSuitesSequentially(TestNG.java:1212)
at org.testng.TestNG.runSuitesLocally(TestNG.java:1134)
at org.testng.TestNG.runSuites(TestNG.java:1063)
at org.testng.TestNG.run(TestNG.java:1031)
at org.apache.maven.surefire.testng.TestNGExecutor.run(TestNGExecutor.java:284)
at org.apache.maven.surefire.testng.TestNGXmlTestSuite.execute(TestNGXmlTestSuite.java:75)
at org.apache.maven.surefire.testng.TestNGProvider.invoke(TestNGProvider.java:119)
at org.apache.maven.surefire.booter.ForkedBooter.runSuitesInProcess(ForkedBooter.java:428)
at org.apache.maven.surefire.booter.ForkedBooter.execute(ForkedBooter.java:162)
at org.apache.maven.surefire.booter.ForkedBooter.run(ForkedBooter.java:562)
at org.apache.maven.surefire.booter.ForkedBooter.main(ForkedBooter.java:548)
]]>
            </full-stacktrace>
          </exception> <!-- java.lang.AssertionError -->
          <reporter-output>
          </reporter-output>
        </test-method> <!-- Login -->
        <test-method is-config="true" signature="After()[pri:0, instance:Suite1.MyTests@223aa2f7]" started-at="2022-07-07T21:59:50 CEST" name="After" finished-at="2022-07-07T21:59:51 CEST" duration-ms="615" status="PASS">
          <reporter-output>
          </reporter-output>
        </test-method> <!-- After -->
      </class> <!-- Suite1.MyTests -->
    </test> <!-- D:/Users/way/IdeaProjects/Selenium_TestNG -->
  </suite> <!-- All Test Suite -->
</testng-results>
